test_02 (unittest_test.testcase.TestCase) ... ok

----------------------------------------------------------------------
Ran 1 test in 0.000s

OK
test_02 (unittest_test.testcases.testcase.TestCase) ... ok

----------------------------------------------------------------------
Ran 1 test in 0.000s

OK
test_02 (unittest_test.testcases.testcase.TestCase) ... ok
test_03 (unittest_test.testcases.testcase.TestCase) ... ok
test_05 (unittest_test.testcases.testdemo.TestDemo) ... ok

----------------------------------------------------------------------
Ran 3 tests in 0.000s

OK
test_01 (unittest_test.testcases.testcase.TestCase) ... ok
test_02 (unittest_test.testcases.testcase.TestCase) ... ok
test_03 (unittest_test.testcases.testcase.TestCase) ... ok

----------------------------------------------------------------------
Ran 3 tests in 0.000s

OK
test_07 (unittest_test.testcases.testdemo.TestDemo02) ... ok
test_08 (unittest_test.testcases.testdemo.TestDemo02) ... ok
test_09 (unittest_test.testcases.testdemo.TestDemo02) ... ok

----------------------------------------------------------------------
Ran 3 tests in 0.000s

OK
test_07 (unittest_test.testcases.testdemo.TestDemo02) ... ok
test_08 (unittest_test.testcases.testdemo.TestDemo02) ... ok
test_09 (unittest_test.testcases.testdemo.TestDemo02) ... ok

----------------------------------------------------------------------
Ran 3 tests in 0.000s

OK
test_04 (unittest_test.testcases.testdemo.TestDemo01) ... ok
test_05 (unittest_test.testcases.testdemo.TestDemo01) ... ok
test_06 (unittest_test.testcases.testdemo.TestDemo01) ... ok
test_07 (unittest_test.testcases.testdemo.TestDemo02) ... ok
test_08 (unittest_test.testcases.testdemo.TestDemo02) ... ok
test_09 (unittest_test.testcases.testdemo.TestDemo02) ... ok

----------------------------------------------------------------------
Ran 6 tests in 0.000s

OK
test_04 (unittest_test.testcases.testdemo.TestDemo01) ... ok
test_05 (unittest_test.testcases.testdemo.TestDemo01) ... ok
test_06 (unittest_test.testcases.testdemo.TestDemo01) ... ok

----------------------------------------------------------------------
Ran 3 tests in 0.000s

OK
test_07 (unittest_test.testcases.testdemo.TestDemo02) ... ok
test_08 (unittest_test.testcases.testdemo.TestDemo02) ... ok
test_09 (unittest_test.testcases.testdemo.TestDemo02) ... ok
test_04 (unittest_test.testcases.testdemo.TestDemo01) ... ok
test_05 (unittest_test.testcases.testdemo.TestDemo01) ... ok
test_06 (unittest_test.testcases.testdemo.TestDemo01) ... ok

----------------------------------------------------------------------
Ran 6 tests in 0.001s

OK
test_01 (unittest_test.testcases.testcase.TestCase) ... ok
test_02 (unittest_test.testcases.testcase.TestCase) ... ok
test_03 (unittest_test.testcases.testcase.TestCase) ... ok
test_07 (unittest_test.testcases.testdemo.TestDemo02) ... ok
test_08 (unittest_test.testcases.testdemo.TestDemo02) ... ok
test_09 (unittest_test.testcases.testdemo.TestDemo02) ... ok

----------------------------------------------------------------------
Ran 6 tests in 0.000s

OK
test_01 (unittest_test.testcases.testcase.TestCase) ... ok
test_02 (unittest_test.testcases.testcase.TestCase) ... ok

----------------------------------------------------------------------
Ran 2 tests in 0.000s

OK
test_04 (unittest_test.testcases.testdemo.TestDemo01) ... ok
test_05 (unittest_test.testcases.testdemo.TestDemo01) ... ok
test_06 (unittest_test.testcases.testdemo.TestDemo01) ... ok
test_07 (unittest_test.testcases.testdemo.TestDemo02) ... ok
test_08 (unittest_test.testcases.testdemo.TestDemo02) ... ok
test_09 (unittest_test.testcases.testdemo.TestDemo02) ... ok

----------------------------------------------------------------------
Ran 6 tests in 0.001s

OK
test_04 (unittest_test.testcases.testdemo.TestDemo01) ... ok
test_05 (unittest_test.testcases.testdemo.TestDemo01) ... ok
test_06 (unittest_test.testcases.testdemo.TestDemo01) ... ok
test_07 (unittest_test.testcases.testdemo.TestDemo02) ... ok
test_08 (unittest_test.testcases.testdemo.TestDemo02) ... ok
test_09 (unittest_test.testcases.testdemo.TestDemo02) ... ok

----------------------------------------------------------------------
Ran 6 tests in 0.001s

OK
test_01 (unittest_test.testcases.testcase.TestCase) ... ok
test_02 (unittest_test.testcases.testcase.TestCase) ... ok

----------------------------------------------------------------------
Ran 2 tests in 0.000s

OK
test_02 (unittest_test.testcases.testcase.TestCase) ... ok
test_03 (unittest_test.testcases.testcase.TestCase) ... ok
test_05 (unittest_test.testcases.testdemo.TestDemo01) ... ok

----------------------------------------------------------------------
Ran 3 tests in 0.000s

OK
test_01 (unittest_test.testcases.testcase.TestCase) ... ok
test_02 (unittest_test.testcases.testcase.TestCase) ... ok
test_03 (unittest_test.testcases.testcase.TestCase) ... ok
test_07 (unittest_test.testcases.testdemo.TestDemo02) ... ok
test_08 (unittest_test.testcases.testdemo.TestDemo02) ... ok
test_09 (unittest_test.testcases.testdemo.TestDemo02) ... ok

----------------------------------------------------------------------
Ran 6 tests in 0.001s

OK
test_04 (unittest_test.testcases.testdemo.TestDemo01) ... ok
test_05 (unittest_test.testcases.testdemo.TestDemo01) ... ok
test_06 (unittest_test.testcases.testdemo.TestDemo01) ... ok
test_07 (unittest_test.testcases.testdemo.TestDemo02) ... ok
test_08 (unittest_test.testcases.testdemo.TestDemo02) ... ok
test_09 (unittest_test.testcases.testdemo.TestDemo02) ... ok

----------------------------------------------------------------------
Ran 6 tests in 0.001s

OK
test_02 (unittest.loader._FailedTest) ... ERROR

======================================================================
ERROR: test_02 (unittest.loader._FailedTest)
----------------------------------------------------------------------
AttributeError: module 'unittest_test.testcases.testcase' has no attribute 'test_02'

----------------------------------------------------------------------
Ran 1 test in 0.000s

FAILED (errors=1)
test_01 (unittest_test.testcases.testcase.TestCase) ... ok
test_02 (unittest_test.testcases.testcase.TestCase) ... ok
test_03 (unittest_test.testcases.testcase.TestCase) ... ok

----------------------------------------------------------------------
Ran 3 tests in 0.000s

OK

----------------------------------------------------------------------
Ran 0 tests in 0.000s

OK
test_01 (unittest_test.testcases.testcase.TestCase) ... ok
test_02 (unittest_test.testcases.testcase.TestCase) ... ok
test_03 (unittest_test.testcases.testcase.TestCase) ... ok

----------------------------------------------------------------------
Ran 3 tests in 0.000s

OK
test_01() (unittest.loader._FailedTest) ... ERROR

======================================================================
ERROR: test_01() (unittest.loader._FailedTest)
----------------------------------------------------------------------
AttributeError: type object 'TestCase' has no attribute 'test_01()'

----------------------------------------------------------------------
Ran 1 test in 0.000s

FAILED (errors=1)
test_01 (unittest_test.testcases.testcase.TestCase) ... ok
test_02 (unittest_test.testcases.testcase.TestCase) ... ok
test_03 (unittest_test.testcases.testcase.TestCase) ... ok

----------------------------------------------------------------------
Ran 3 tests in 0.001s

OK
test_01 (unittest_test.testcases.testcase.TestCase) ... ok
test_02 (unittest_test.testcases.testcase.TestCase) ... ok
test_03 (unittest_test.testcases.testcase.TestCase) ... ok

----------------------------------------------------------------------
Ran 3 tests in 0.000s

OK
test_04 (unittest_test.testcases.testdemo.TestDemo01) ... ok
test_05 (unittest_test.testcases.testdemo.TestDemo01) ... ok
test_06 (unittest_test.testcases.testdemo.TestDemo01) ... ok
test_07 (unittest_test.testcases.testdemo.TestDemo02) ... ok
test_08 (unittest_test.testcases.testdemo.TestDemo02) ... ok
test_09 (unittest_test.testcases.testdemo.TestDemo02) ... ok

----------------------------------------------------------------------
Ran 6 tests in 0.001s

OK
test_07 (unittest_test.testcases.testdemo.TestDemo02) ... ok
test_08 (unittest_test.testcases.testdemo.TestDemo02) ... ok
test_09 (unittest_test.testcases.testdemo.TestDemo02) ... ok

----------------------------------------------------------------------
Ran 3 tests in 0.000s

OK
test_01 (unittest_test.testcases.testcase.TestCase) ... ok
test_02 (unittest_test.testcases.testcase.TestCase) ... ok
test_03 (unittest_test.testcases.testcase.TestCase) ... ok
test_04 (unittest_test.testcases.testdemo.TestDemo01) ... ok
test_05 (unittest_test.testcases.testdemo.TestDemo01) ... ok
test_06 (unittest_test.testcases.testdemo.TestDemo01) ... ok
test_07 (unittest_test.testcases.testdemo.TestDemo02) ... ok
test_08 (unittest_test.testcases.testdemo.TestDemo02) ... ok
test_09 (unittest_test.testcases.testdemo.TestDemo02) ... ok

----------------------------------------------------------------------
Ran 9 tests in 0.001s

OK
